[2020-04-17 19:44:18.721] [Temenos UXP version 6.2.1__7] ExpressionEvaluator using com.acquire.util.js.JavaExpressionEvaluator; scope: POOL
[2020-04-17 19:45:05.184] ContextObject.putEntityEIDLookup() EID Already exists eid=D3BBB5E558CCD8E229997 in LibraryContext Project: "TopNavigation" Name: "TopNavigation"
 existing entity=BroadcastRule@1a20f7a (Broadcast with message: "NAV" -> 21389D7B44239306 MenuItem 8.Broadcast to set the active operation) ATTRS={RuleDisabled=N, RuleClassType=All, OperationType=NAV, DebugLevel=0, Name=Broadcast to set the active operation, RuleClassName=com.acquire.intelligentforms.rules.BroadcastRule}
      new entity=BroadcastRule@381c35 (Broadcast with message: "null" -> 350F0704097524FC MenuItem 20.Broadcast to set the active operation) ATTRS={Name=Broadcast to set the active operation}
[2020-04-17 19:46:47.472] [DEBUG] Widget Dialog refers a null widget: BootS UL menu Branch, context: CommonMakePayment, project: CommonMakePayment, main object: Transfers
[2020-04-17 19:46:47.473] [DEBUG] Widget Dialog refers a null widget: BootS UL menu Leaf, context: CommonMakePayment, project: CommonMakePayment, main object: Transfers
[2020-04-17 19:46:47.474] [DEBUG] Widget Dialog refers a null widget: BootS UL menu, context: CommonMakePayment, project: CommonMakePayment, main object: Transfers
[2020-04-17 19:46:47.477] [DEBUG] Widget Dialog refers a null widget: BootS UL menu Branch, context: CommonMakePayment, project: CommonMakePayment, main object: Transfers
[2020-04-17 19:46:47.479] [DEBUG] Widget Dialog refers a null widget: BootS UL menu Leaf, context: CommonMakePayment, project: CommonMakePayment, main object: Transfers
[2020-04-17 19:46:47.480] [DEBUG] Widget Dialog refers a null widget: BootS UL menu, context: CommonMakePayment, project: CommonMakePayment, main object: Transfers
[2020-04-17 19:46:48.541] [DEBUG] Widget Dialog refers a null widget: Demo Menu Branch, context: CommonMakePayment, project: CommonMakePayment, main object: Payments
[2020-04-17 19:46:48.541] [DEBUG] Widget Dialog refers a null widget: Demo Menu Leaf, context: CommonMakePayment, project: CommonMakePayment, main object: Payments
[2020-04-17 19:46:48.542] [DEBUG] Widget Dialog refers a null widget: Demo Menu Branch, context: CommonMakePayment, project: CommonMakePayment, main object: Payments
[2020-04-17 19:46:48.543] [DEBUG] Widget Dialog refers a null widget: Demo Menu Leaf, context: CommonMakePayment, project: CommonMakePayment, main object: Payments
[2020-04-17 19:46:50.625] [DEBUG] Widget Dialog refers a null widget: BootS UL menu Branch, context: CommonMakePayment, project: CommonMakePayment, main object: LoanRedraw
[2020-04-17 19:46:50.627] [DEBUG] Widget Dialog refers a null widget: BootS UL menu Leaf, context: CommonMakePayment, project: CommonMakePayment, main object: LoanRedraw
[2020-04-17 19:46:50.628] [DEBUG] Widget Dialog refers a null widget: BootS UL menu, context: CommonMakePayment, project: CommonMakePayment, main object: LoanRedraw
[2020-04-17 19:46:50.631] [DEBUG] Widget Dialog refers a null widget: BootS UL menu Branch, context: CommonMakePayment, project: CommonMakePayment, main object: LoanRedraw
[2020-04-17 19:46:50.632] [DEBUG] Widget Dialog refers a null widget: BootS UL menu Leaf, context: CommonMakePayment, project: CommonMakePayment, main object: LoanRedraw
[2020-04-17 19:46:50.633] [DEBUG] Widget Dialog refers a null widget: BootS UL menu, context: CommonMakePayment, project: CommonMakePayment, main object: LoanRedraw
[2020-04-17 19:46:51.279] [DEBUG] Widget Dialog refers a null widget: Solution|Stand alone Date picker (jquery-ui), context: CommonMakePayment, project: CommonMakePayment, main object: 0D41A8557678E071 RichHTMLPresentationQuestion 1053
[2020-04-17 19:46:51.279] [DEBUG] Widget Dialog refers a null widget: Solution|Stand alone Date picker (jquery-ui), context: CommonMakePayment, project: CommonMakePayment, main object: 0D41A8557678E071 RichHTMLPresentationQuestion 1055
[2020-04-17 19:46:51.279] [DEBUG] Widget Dialog refers a null widget: Solution|Stand alone Date picker (jquery-ui), context: CommonMakePayment, project: CommonMakePayment, main object: 0D41A8557678E071 RichHTMLPresentationQuestion 1057
[2020-04-17 19:46:51.313] ContextObject.putEntityEIDLookup() EID Already exists eid=F9FF0BFC3EC78D3831480 in LibraryContext Project: "CommonMakePayment" Name: "CommonMakePayment"
 existing entity=RichHTMLPresentationFormatBreak@17c1f0c (Section -> F9FF0BFC3EC78D38 RichHTMLPresentationFormatBreak 163) ATTRS={SaveWhenHidden=N, DefaultButton=Use Default, GridSize=No layout, MandatoryJust=Align before answer, NotApplicableAppearance=Hide, NotApplicableAnimationSpeed=5, Name=F9FF0BFC3EC78D38 RichHTMLPresentationFormatBreak 163, HelpTarget=popout, Locked=N, HelpInIdHow=click, PrefixJust=Align before answer, HideField=N, DefaultButtonName=Use Default, SetHelpSettings=N, RuntimeId=FMT_F9FF0BFC3EC78D3831234, DisplayType=Standard section, SectionLayout=No layout, NotApplicableDirection=Top, SetQuestionGrid=Y, PaddingStyle=No padding, HelpJust=Place at end of answer, DesignToUse=Modal Confirm details Full width section, NotApplicableAnimationEffect=linearEasing, SetQuestionGridPositions=N, CellPadding=4, SetTabStyles=N, InvalidateWhenNotApplicable=Y} ELEMENTID=FMT_F9FF0BFC3EC78D3831234
      new entity=RichHTMLPresentationFormatBreak@19b24df (Section -> 71975649DDCDB034 RichHTMLPresentationFormatBreak 128) ATTRS={Name=71975649DDCDB034 RichHTMLPresentationFormatBreak 128} ELEMENTID=P0P5Qformat-1
[2020-04-17 19:46:51.564] ContextObject.putEntityEIDLookup() EID Already exists eid=205B6FB5AADD942E308187 in LibraryContext Project: "CommonMakePayment" Name: "CommonMakePayment"
 existing entity=RichHTMLPresentationQuestion@10de089 (Currency -> 205B6FB5AADD942E RichHTMLPresentationQuestion 282) ATTRS={RowDisplayType=Standard Row, SpellCheck=N, SaveWhenHidden=N, AutoCompleteValidateValue=N, DefaultButton=Use Default, ErrorStyle=ColorRed Center NoPadding FullWidth Medium, AutoCompleteMinTextLength=1, NotApplicableAnimationSpeed=5, ListNumberOfRows=5, ButtonTextSelAll=>>, Name=205B6FB5AADD942E RichHTMLPresentationQuestion 282, ReadOnlyFormat=Use Default, NavStyle=Use Button, ListPrompt=Use Default, LinkTextDeSelAll=<<, NumberOfRows=5, AnswerJustification=Center, AnswerNewLine=Y, DefaultButtonName=Use Default, Justification=Center, AnswerControlStyle=Center, FieldSize=15, RadioColumnCount=1, ButtonTextDeSel=<, LinkTextDeSel=<, MandMessage=Please select the currency, NotApplicableDirection=Top, AutoCompleteMaxSuggestions=10, AutoCompleteSearchMethod=matching characters from start, ButtonTextDeSelAll=<<, DesignToUse=Currency List - Radio Switcher, AutoCompleteSelectedItem=autoCompleteItemDefault, DigitGroupSymbolType=Use Default, NavPosition=In-between, HideQuestion=Y, ButtonTextSel=>, LineBelow=N, HeaderLevel=Use Default, PostfixStyle=NotDisplayed, MandatoryStyle=NotDisplayed, PrefixStyle=NotDisplayed, DecimalSymbolType=Use Default, QuestionStyle=Center, NotApplicableAppearance=Hide, LinkTextSel=>, HelpStyle=NotDisplayed, GroupWithPrevious=N, HeadingLayout=Span Whole Row, LayoutDirection=Horizontal, HideField=N, DateFormatType=Use Default, AutoCompleteCaseSensitive=N, RowStyle=Center, AnswerStyle=Center, RuntimeId=QUE_4203F4E669272E1D7727, LineAbove=N, ListAlignment=Horizontal, AutoCompleteListStyle=autoCompleteListDefault, DisplayType=WidgetDialog1, ColumnHeadingJustification=Left, QuestionNewLine=Y, InfoLayoutGridStyles=Use Standard Styles, EntityEID=4203F4E669272E1D7726, WarningLayoutGridStyles=Use Standard Styles, NotApplicableAnimationEffect=linearEasing, ReadOnlyAndEmpty=Use Presentation Default, LinkTextSelAll=>>, InvalidateWhenNotApplicable=Y, DateFormat= True, False, /, Day, Text, , , /, Month, Text, , , /, Year, Text, , , False, False, :, Hours, Text, , , :, Minutes, Text, , , :, Seconds, Text, , , Specify, dd, Specify, mm, Specify, yyyy, Specify, hh, Specify, mm, Specify, ss, DesignToUseForDisplayType=Currency Switcher} ENTITY=Question@8352d8 (Currency -> 4203F4E669272E1D Question 62) ATTRS={ReadOnly=N, OverrideDataStoreValidation=N, ValidationType=Use Default Data Item Validation, DisableInput=N, NotApplicable=Y, Name=4203F4E669272E1D Question 62, PostQuestionRules=Y, ConditionExpression=$$WorkingElements[1].DifferentCurrencies$ == 'Y', InvokeQLRIfFormatErrors=N, InvalidateWhenNotApplicable=Y, DataType=SelectedCurrencyList List, QuestionText=Currency, PropertyKey=WorkingElements[1].Transfer[1].SelectedCurrency, Mandatory=Y} DI=WorkingElements[1].Transfer[1].SelectedCurrency ELEMENTID=QUE_4203F4E669272E1D7727
      new entity=RichHTMLPresentationQuestion@535173 ( -> A817B308196C279E RichHTMLPresentationQuestion 478) ATTRS={Name=A817B308196C279E RichHTMLPresentationQuestion 478} ELEMENTID=P0P2Q-1
[2020-04-17 19:46:57.308] ContextObject.putEntityEIDLookup() EID Already exists eid=76DEAD4035782757322736 in LibraryContext Project: "BPAY" Name: "BPAY"
 existing entity=DictionaryRoot@be35fa (Data Store -> Data Store Root) ATTRS={Name=Data Store Root}
      new entity=PropertyGroup@110b4ca (TWS (1) -> TWS) ATTRS={Name=TWS}
[2020-04-17 19:51:00.659] [DEBUG] Widget Dialog refers a null widget: Solution|Stand alone Date picker (jquery-ui), context: CommonMakePayment, project: CommonMakePayment, main object: 0D41A8557678E071 RichHTMLPresentationQuestion 1053
[2020-04-17 19:51:00.659] [DEBUG] Widget Dialog refers a null widget: Solution|Stand alone Date picker (jquery-ui), context: CommonMakePayment, project: CommonMakePayment, main object: 0D41A8557678E071 RichHTMLPresentationQuestion 1055
[2020-04-17 19:51:00.659] [DEBUG] Widget Dialog refers a null widget: Solution|Stand alone Date picker (jquery-ui), context: CommonMakePayment, project: CommonMakePayment, main object: 0D41A8557678E071 RichHTMLPresentationQuestion 1057
[2020-04-17 19:51:00.789] [DEBUG] Widget Dialog refers a null widget: Solution|Stand alone Date picker (jquery-ui), context: CommonMakePayment, project: CommonMakePayment, main object: 0D41A8557678E071 RichHTMLPresentationQuestion 1053
[2020-04-17 19:51:00.790] [DEBUG] Widget Dialog refers a null widget: Solution|Stand alone Date picker (jquery-ui), context: CommonMakePayment, project: CommonMakePayment, main object: 0D41A8557678E071 RichHTMLPresentationQuestion 1053
[2020-04-17 19:51:00.790] [DEBUG] Widget Dialog refers a null widget: Solution|Stand alone Date picker (jquery-ui), context: CommonMakePayment, project: CommonMakePayment, main object: 0D41A8557678E071 RichHTMLPresentationQuestion 1053
[2020-04-17 19:51:00.790] [DEBUG] Widget Dialog refers a null widget: Solution|Stand alone Date picker (jquery-ui), context: CommonMakePayment, project: CommonMakePayment, main object: 0D41A8557678E071 RichHTMLPresentationQuestion 1053
[2020-04-17 19:51:00.793] [DEBUG] Widget Dialog refers a null widget: Solution|Stand alone Date picker (jquery-ui), context: CommonMakePayment, project: CommonMakePayment, main object: 0D41A8557678E071 RichHTMLPresentationQuestion 1055
[2020-04-17 19:51:00.794] [DEBUG] Widget Dialog refers a null widget: Solution|Stand alone Date picker (jquery-ui), context: CommonMakePayment, project: CommonMakePayment, main object: 0D41A8557678E071 RichHTMLPresentationQuestion 1055
[2020-04-17 19:51:00.794] [DEBUG] Widget Dialog refers a null widget: Solution|Stand alone Date picker (jquery-ui), context: CommonMakePayment, project: CommonMakePayment, main object: 0D41A8557678E071 RichHTMLPresentationQuestion 1055
[2020-04-17 19:51:00.794] [DEBUG] Widget Dialog refers a null widget: Solution|Stand alone Date picker (jquery-ui), context: CommonMakePayment, project: CommonMakePayment, main object: 0D41A8557678E071 RichHTMLPresentationQuestion 1055
[2020-04-17 19:51:00.795] [DEBUG] Widget Dialog refers a null widget: Solution|Stand alone Date picker (jquery-ui), context: CommonMakePayment, project: CommonMakePayment, main object: 0D41A8557678E071 RichHTMLPresentationQuestion 1057
[2020-04-17 19:51:00.796] [DEBUG] Widget Dialog refers a null widget: Solution|Stand alone Date picker (jquery-ui), context: CommonMakePayment, project: CommonMakePayment, main object: 0D41A8557678E071 RichHTMLPresentationQuestion 1057
[2020-04-17 19:51:00.796] [DEBUG] Widget Dialog refers a null widget: Solution|Stand alone Date picker (jquery-ui), context: CommonMakePayment, project: CommonMakePayment, main object: 0D41A8557678E071 RichHTMLPresentationQuestion 1057
[2020-04-17 19:51:00.796] [DEBUG] Widget Dialog refers a null widget: Solution|Stand alone Date picker (jquery-ui), context: CommonMakePayment, project: CommonMakePayment, main object: 0D41A8557678E071 RichHTMLPresentationQuestion 1057
[2020-04-17 19:51:01.238] [DEBUG] Widget Dialog refers a null widget: Solution|Stand alone Date picker (jquery-ui), context: CommonMakePayment, project: CommonMakePayment, main object: 0D41A8557678E071 RichHTMLPresentationQuestion 1053
[2020-04-17 19:51:01.239] [DEBUG] Widget Dialog refers a null widget: Solution|Stand alone Date picker (jquery-ui), context: CommonMakePayment, project: CommonMakePayment, main object: 0D41A8557678E071 RichHTMLPresentationQuestion 1053
[2020-04-17 19:51:01.241] [DEBUG] Widget Dialog refers a null widget: Solution|Stand alone Date picker (jquery-ui), context: CommonMakePayment, project: CommonMakePayment, main object: 0D41A8557678E071 RichHTMLPresentationQuestion 1053
[2020-04-17 19:51:01.242] [DEBUG] Widget Dialog refers a null widget: Solution|Stand alone Date picker (jquery-ui), context: CommonMakePayment, project: CommonMakePayment, main object: 0D41A8557678E071 RichHTMLPresentationQuestion 1053
[2020-04-17 19:51:01.242] [DEBUG] Widget Dialog refers a null widget: Solution|Stand alone Date picker (jquery-ui), context: CommonMakePayment, project: CommonMakePayment, main object: 0D41A8557678E071 RichHTMLPresentationQuestion 1053
[2020-04-17 19:51:01.244] [DEBUG] Widget Dialog refers a null widget: Solution|Stand alone Date picker (jquery-ui), context: CommonMakePayment, project: CommonMakePayment, main object: 0D41A8557678E071 RichHTMLPresentationQuestion 1055
[2020-04-17 19:51:01.244] [DEBUG] Widget Dialog refers a null widget: Solution|Stand alone Date picker (jquery-ui), context: CommonMakePayment, project: CommonMakePayment, main object: 0D41A8557678E071 RichHTMLPresentationQuestion 1055
[2020-04-17 19:51:01.245] [DEBUG] Widget Dialog refers a null widget: Solution|Stand alone Date picker (jquery-ui), context: CommonMakePayment, project: CommonMakePayment, main object: 0D41A8557678E071 RichHTMLPresentationQuestion 1055
[2020-04-17 19:51:01.245] [DEBUG] Widget Dialog refers a null widget: Solution|Stand alone Date picker (jquery-ui), context: CommonMakePayment, project: CommonMakePayment, main object: 0D41A8557678E071 RichHTMLPresentationQuestion 1055
[2020-04-17 19:51:01.245] [DEBUG] Widget Dialog refers a null widget: Solution|Stand alone Date picker (jquery-ui), context: CommonMakePayment, project: CommonMakePayment, main object: 0D41A8557678E071 RichHTMLPresentationQuestion 1055
[2020-04-17 19:51:01.247] [DEBUG] Widget Dialog refers a null widget: Solution|Stand alone Date picker (jquery-ui), context: CommonMakePayment, project: CommonMakePayment, main object: 0D41A8557678E071 RichHTMLPresentationQuestion 1057
[2020-04-17 19:51:01.247] [DEBUG] Widget Dialog refers a null widget: Solution|Stand alone Date picker (jquery-ui), context: CommonMakePayment, project: CommonMakePayment, main object: 0D41A8557678E071 RichHTMLPresentationQuestion 1057
[2020-04-17 19:51:01.248] [DEBUG] Widget Dialog refers a null widget: Solution|Stand alone Date picker (jquery-ui), context: CommonMakePayment, project: CommonMakePayment, main object: 0D41A8557678E071 RichHTMLPresentationQuestion 1057
[2020-04-17 19:51:01.248] [DEBUG] Widget Dialog refers a null widget: Solution|Stand alone Date picker (jquery-ui), context: CommonMakePayment, project: CommonMakePayment, main object: 0D41A8557678E071 RichHTMLPresentationQuestion 1057
[2020-04-17 19:51:01.248] [DEBUG] Widget Dialog refers a null widget: Solution|Stand alone Date picker (jquery-ui), context: CommonMakePayment, project: CommonMakePayment, main object: 0D41A8557678E071 RichHTMLPresentationQuestion 1057
[2020-04-17 19:51:09.047] [DEBUG] Widget Dialog refers a null widget: Solution|Stand alone Date picker (jquery-ui), context: CommonMakePayment, project: CommonMakePayment, main object: 0D41A8557678E071 RichHTMLPresentationQuestion 1053
[2020-04-17 19:51:09.048] [DEBUG] Widget Dialog refers a null widget: Solution|Stand alone Date picker (jquery-ui), context: CommonMakePayment, project: CommonMakePayment, main object: 0D41A8557678E071 RichHTMLPresentationQuestion 1053
[2020-04-17 19:51:09.048] [DEBUG] Widget Dialog refers a null widget: Solution|Stand alone Date picker (jquery-ui), context: CommonMakePayment, project: CommonMakePayment, main object: 0D41A8557678E071 RichHTMLPresentationQuestion 1053
[2020-04-17 19:51:09.048] [DEBUG] Widget Dialog refers a null widget: Solution|Stand alone Date picker (jquery-ui), context: CommonMakePayment, project: CommonMakePayment, main object: 0D41A8557678E071 RichHTMLPresentationQuestion 1053
[2020-04-17 19:51:09.049] [DEBUG] Widget Dialog refers a null widget: Solution|Stand alone Date picker (jquery-ui), context: CommonMakePayment, project: CommonMakePayment, main object: 0D41A8557678E071 RichHTMLPresentationQuestion 1053
[2020-04-17 19:51:09.074] [DEBUG] Widget Dialog refers a null widget: Solution|Stand alone Date picker (jquery-ui), context: CommonMakePayment, project: CommonMakePayment, main object: 0D41A8557678E071 RichHTMLPresentationQuestion 1055
[2020-04-17 19:51:09.074] [DEBUG] Widget Dialog refers a null widget: Solution|Stand alone Date picker (jquery-ui), context: CommonMakePayment, project: CommonMakePayment, main object: 0D41A8557678E071 RichHTMLPresentationQuestion 1055
[2020-04-17 19:51:09.075] [DEBUG] Widget Dialog refers a null widget: Solution|Stand alone Date picker (jquery-ui), context: CommonMakePayment, project: CommonMakePayment, main object: 0D41A8557678E071 RichHTMLPresentationQuestion 1055
[2020-04-17 19:51:09.075] [DEBUG] Widget Dialog refers a null widget: Solution|Stand alone Date picker (jquery-ui), context: CommonMakePayment, project: CommonMakePayment, main object: 0D41A8557678E071 RichHTMLPresentationQuestion 1055
[2020-04-17 19:51:09.075] [DEBUG] Widget Dialog refers a null widget: Solution|Stand alone Date picker (jquery-ui), context: CommonMakePayment, project: CommonMakePayment, main object: 0D41A8557678E071 RichHTMLPresentationQuestion 1055
[2020-04-17 19:51:09.099] [DEBUG] Widget Dialog refers a null widget: Solution|Stand alone Date picker (jquery-ui), context: CommonMakePayment, project: CommonMakePayment, main object: 0D41A8557678E071 RichHTMLPresentationQuestion 1057
[2020-04-17 19:51:09.099] [DEBUG] Widget Dialog refers a null widget: Solution|Stand alone Date picker (jquery-ui), context: CommonMakePayment, project: CommonMakePayment, main object: 0D41A8557678E071 RichHTMLPresentationQuestion 1057
[2020-04-17 19:51:09.099] [DEBUG] Widget Dialog refers a null widget: Solution|Stand alone Date picker (jquery-ui), context: CommonMakePayment, project: CommonMakePayment, main object: 0D41A8557678E071 RichHTMLPresentationQuestion 1057
[2020-04-17 19:51:09.099] [DEBUG] Widget Dialog refers a null widget: Solution|Stand alone Date picker (jquery-ui), context: CommonMakePayment, project: CommonMakePayment, main object: 0D41A8557678E071 RichHTMLPresentationQuestion 1057
[2020-04-17 19:51:09.099] [DEBUG] Widget Dialog refers a null widget: Solution|Stand alone Date picker (jquery-ui), context: CommonMakePayment, project: CommonMakePayment, main object: 0D41A8557678E071 RichHTMLPresentationQuestion 1057
[2020-04-17 19:51:11.250] [DEBUG] Widget Dialog refers a null widget: Solution|Stand alone Date picker (jquery-ui), context: CommonMakePayment, project: CommonMakePayment, main object: 0D41A8557678E071 RichHTMLPresentationQuestion 1053
[2020-04-17 19:51:11.250] [DEBUG] Widget Dialog refers a null widget: Solution|Stand alone Date picker (jquery-ui), context: CommonMakePayment, project: CommonMakePayment, main object: 0D41A8557678E071 RichHTMLPresentationQuestion 1053
[2020-04-17 19:51:11.250] [DEBUG] Widget Dialog refers a null widget: Solution|Stand alone Date picker (jquery-ui), context: CommonMakePayment, project: CommonMakePayment, main object: 0D41A8557678E071 RichHTMLPresentationQuestion 1053
[2020-04-17 19:51:11.251] [DEBUG] Widget Dialog refers a null widget: Solution|Stand alone Date picker (jquery-ui), context: CommonMakePayment, project: CommonMakePayment, main object: 0D41A8557678E071 RichHTMLPresentationQuestion 1053
[2020-04-17 19:51:11.251] [DEBUG] Widget Dialog refers a null widget: Solution|Stand alone Date picker (jquery-ui), context: CommonMakePayment, project: CommonMakePayment, main object: 0D41A8557678E071 RichHTMLPresentationQuestion 1053
[2020-04-17 19:51:11.269] [DEBUG] Widget Dialog refers a null widget: Solution|Stand alone Date picker (jquery-ui), context: CommonMakePayment, project: CommonMakePayment, main object: 0D41A8557678E071 RichHTMLPresentationQuestion 1055
[2020-04-17 19:51:11.269] [DEBUG] Widget Dialog refers a null widget: Solution|Stand alone Date picker (jquery-ui), context: CommonMakePayment, project: CommonMakePayment, main object: 0D41A8557678E071 RichHTMLPresentationQuestion 1055
[2020-04-17 19:51:11.269] [DEBUG] Widget Dialog refers a null widget: Solution|Stand alone Date picker (jquery-ui), context: CommonMakePayment, project: CommonMakePayment, main object: 0D41A8557678E071 RichHTMLPresentationQuestion 1055
[2020-04-17 19:51:11.269] [DEBUG] Widget Dialog refers a null widget: Solution|Stand alone Date picker (jquery-ui), context: CommonMakePayment, project: CommonMakePayment, main object: 0D41A8557678E071 RichHTMLPresentationQuestion 1055
[2020-04-17 19:51:11.270] [DEBUG] Widget Dialog refers a null widget: Solution|Stand alone Date picker (jquery-ui), context: CommonMakePayment, project: CommonMakePayment, main object: 0D41A8557678E071 RichHTMLPresentationQuestion 1055
[2020-04-17 19:51:11.293] [DEBUG] Widget Dialog refers a null widget: Solution|Stand alone Date picker (jquery-ui), context: CommonMakePayment, project: CommonMakePayment, main object: 0D41A8557678E071 RichHTMLPresentationQuestion 1057
[2020-04-17 19:51:11.293] [DEBUG] Widget Dialog refers a null widget: Solution|Stand alone Date picker (jquery-ui), context: CommonMakePayment, project: CommonMakePayment, main object: 0D41A8557678E071 RichHTMLPresentationQuestion 1057
[2020-04-17 19:51:11.293] [DEBUG] Widget Dialog refers a null widget: Solution|Stand alone Date picker (jquery-ui), context: CommonMakePayment, project: CommonMakePayment, main object: 0D41A8557678E071 RichHTMLPresentationQuestion 1057
[2020-04-17 19:51:11.293] [DEBUG] Widget Dialog refers a null widget: Solution|Stand alone Date picker (jquery-ui), context: CommonMakePayment, project: CommonMakePayment, main object: 0D41A8557678E071 RichHTMLPresentationQuestion 1057
[2020-04-17 19:51:11.293] [DEBUG] Widget Dialog refers a null widget: Solution|Stand alone Date picker (jquery-ui), context: CommonMakePayment, project: CommonMakePayment, main object: 0D41A8557678E071 RichHTMLPresentationQuestion 1057
[2020-04-17 20:02:21.757] [DEBUG] Widget Dialog refers a null widget: Solution|Stand alone Date picker (jquery-ui), context: CommonMakePayment, project: CommonMakePayment, main object: 0D41A8557678E071 RichHTMLPresentationQuestion 1053
[2020-04-17 20:02:21.757] [DEBUG] Widget Dialog refers a null widget: Solution|Stand alone Date picker (jquery-ui), context: CommonMakePayment, project: CommonMakePayment, main object: 0D41A8557678E071 RichHTMLPresentationQuestion 1055
[2020-04-17 20:02:21.757] [DEBUG] Widget Dialog refers a null widget: Solution|Stand alone Date picker (jquery-ui), context: CommonMakePayment, project: CommonMakePayment, main object: 0D41A8557678E071 RichHTMLPresentationQuestion 1057
[2020-04-17 20:02:21.826] [DEBUG] Widget Dialog refers a null widget: Solution|Stand alone Date picker (jquery-ui), context: CommonMakePayment, project: CommonMakePayment, main object: 0D41A8557678E071 RichHTMLPresentationQuestion 1053
[2020-04-17 20:02:21.827] [DEBUG] Widget Dialog refers a null widget: Solution|Stand alone Date picker (jquery-ui), context: CommonMakePayment, project: CommonMakePayment, main object: 0D41A8557678E071 RichHTMLPresentationQuestion 1053
[2020-04-17 20:02:21.827] [DEBUG] Widget Dialog refers a null widget: Solution|Stand alone Date picker (jquery-ui), context: CommonMakePayment, project: CommonMakePayment, main object: 0D41A8557678E071 RichHTMLPresentationQuestion 1053
[2020-04-17 20:02:21.828] [DEBUG] Widget Dialog refers a null widget: Solution|Stand alone Date picker (jquery-ui), context: CommonMakePayment, project: CommonMakePayment, main object: 0D41A8557678E071 RichHTMLPresentationQuestion 1053
[2020-04-17 20:02:21.829] [DEBUG] Widget Dialog refers a null widget: Solution|Stand alone Date picker (jquery-ui), context: CommonMakePayment, project: CommonMakePayment, main object: 0D41A8557678E071 RichHTMLPresentationQuestion 1055
[2020-04-17 20:02:21.830] [DEBUG] Widget Dialog refers a null widget: Solution|Stand alone Date picker (jquery-ui), context: CommonMakePayment, project: CommonMakePayment, main object: 0D41A8557678E071 RichHTMLPresentationQuestion 1055
[2020-04-17 20:02:21.830] [DEBUG] Widget Dialog refers a null widget: Solution|Stand alone Date picker (jquery-ui), context: CommonMakePayment, project: CommonMakePayment, main object: 0D41A8557678E071 RichHTMLPresentationQuestion 1055
[2020-04-17 20:02:21.830] [DEBUG] Widget Dialog refers a null widget: Solution|Stand alone Date picker (jquery-ui), context: CommonMakePayment, project: CommonMakePayment, main object: 0D41A8557678E071 RichHTMLPresentationQuestion 1055
[2020-04-17 20:02:21.832] [DEBUG] Widget Dialog refers a null widget: Solution|Stand alone Date picker (jquery-ui), context: CommonMakePayment, project: CommonMakePayment, main object: 0D41A8557678E071 RichHTMLPresentationQuestion 1057
[2020-04-17 20:02:21.834] [DEBUG] Widget Dialog refers a null widget: Solution|Stand alone Date picker (jquery-ui), context: CommonMakePayment, project: CommonMakePayment, main object: 0D41A8557678E071 RichHTMLPresentationQuestion 1057
[2020-04-17 20:02:21.834] [DEBUG] Widget Dialog refers a null widget: Solution|Stand alone Date picker (jquery-ui), context: CommonMakePayment, project: CommonMakePayment, main object: 0D41A8557678E071 RichHTMLPresentationQuestion 1057
[2020-04-17 20:02:21.834] [DEBUG] Widget Dialog refers a null widget: Solution|Stand alone Date picker (jquery-ui), context: CommonMakePayment, project: CommonMakePayment, main object: 0D41A8557678E071 RichHTMLPresentationQuestion 1057
[2020-04-17 20:02:22.209] [DEBUG] Widget Dialog refers a null widget: Solution|Stand alone Date picker (jquery-ui), context: CommonMakePayment, project: CommonMakePayment, main object: 0D41A8557678E071 RichHTMLPresentationQuestion 1053
[2020-04-17 20:02:22.209] [DEBUG] Widget Dialog refers a null widget: Solution|Stand alone Date picker (jquery-ui), context: CommonMakePayment, project: CommonMakePayment, main object: 0D41A8557678E071 RichHTMLPresentationQuestion 1053
[2020-04-17 20:02:22.210] [DEBUG] Widget Dialog refers a null widget: Solution|Stand alone Date picker (jquery-ui), context: CommonMakePayment, project: CommonMakePayment, main object: 0D41A8557678E071 RichHTMLPresentationQuestion 1053
[2020-04-17 20:02:22.210] [DEBUG] Widget Dialog refers a null widget: Solution|Stand alone Date picker (jquery-ui), context: CommonMakePayment, project: CommonMakePayment, main object: 0D41A8557678E071 RichHTMLPresentationQuestion 1053
[2020-04-17 20:02:22.210] [DEBUG] Widget Dialog refers a null widget: Solution|Stand alone Date picker (jquery-ui), context: CommonMakePayment, project: CommonMakePayment, main object: 0D41A8557678E071 RichHTMLPresentationQuestion 1053
[2020-04-17 20:02:22.212] [DEBUG] Widget Dialog refers a null widget: Solution|Stand alone Date picker (jquery-ui), context: CommonMakePayment, project: CommonMakePayment, main object: 0D41A8557678E071 RichHTMLPresentationQuestion 1055
[2020-04-17 20:02:22.212] [DEBUG] Widget Dialog refers a null widget: Solution|Stand alone Date picker (jquery-ui), context: CommonMakePayment, project: CommonMakePayment, main object: 0D41A8557678E071 RichHTMLPresentationQuestion 1055
[2020-04-17 20:02:22.213] [DEBUG] Widget Dialog refers a null widget: Solution|Stand alone Date picker (jquery-ui), context: CommonMakePayment, project: CommonMakePayment, main object: 0D41A8557678E071 RichHTMLPresentationQuestion 1055
[2020-04-17 20:02:22.213] [DEBUG] Widget Dialog refers a null widget: Solution|Stand alone Date picker (jquery-ui), context: CommonMakePayment, project: CommonMakePayment, main object: 0D41A8557678E071 RichHTMLPresentationQuestion 1055
[2020-04-17 20:02:22.215] [DEBUG] Widget Dialog refers a null widget: Solution|Stand alone Date picker (jquery-ui), context: CommonMakePayment, project: CommonMakePayment, main object: 0D41A8557678E071 RichHTMLPresentationQuestion 1055
[2020-04-17 20:02:22.218] [DEBUG] Widget Dialog refers a null widget: Solution|Stand alone Date picker (jquery-ui), context: CommonMakePayment, project: CommonMakePayment, main object: 0D41A8557678E071 RichHTMLPresentationQuestion 1057
[2020-04-17 20:02:22.219] [DEBUG] Widget Dialog refers a null widget: Solution|Stand alone Date picker (jquery-ui), context: CommonMakePayment, project: CommonMakePayment, main object: 0D41A8557678E071 RichHTMLPresentationQuestion 1057
[2020-04-17 20:02:22.219] [DEBUG] Widget Dialog refers a null widget: Solution|Stand alone Date picker (jquery-ui), context: CommonMakePayment, project: CommonMakePayment, main object: 0D41A8557678E071 RichHTMLPresentationQuestion 1057
[2020-04-17 20:02:22.219] [DEBUG] Widget Dialog refers a null widget: Solution|Stand alone Date picker (jquery-ui), context: CommonMakePayment, project: CommonMakePayment, main object: 0D41A8557678E071 RichHTMLPresentationQuestion 1057
[2020-04-17 20:02:22.219] [DEBUG] Widget Dialog refers a null widget: Solution|Stand alone Date picker (jquery-ui), context: CommonMakePayment, project: CommonMakePayment, main object: 0D41A8557678E071 RichHTMLPresentationQuestion 1057
[2020-04-17 20:16:43.679] ContextObject.putEntityEIDLookup() EID Already exists eid=D3BBB5E558CCD8E229997 in LibraryContext Project: "TopNavigation" Name: "TopNavigation"
 existing entity=BroadcastRule@2e57fd (Broadcast with message: "NAV" -> 21389D7B44239306 MenuItem 8.Broadcast to set the active operation) ATTRS={RuleDisabled=N, RuleClassType=All, OperationType=NAV, DebugLevel=0, Name=Broadcast to set the active operation, RuleClassName=com.acquire.intelligentforms.rules.BroadcastRule}
      new entity=BroadcastRule@89e516 (Broadcast with message: "null" -> 350F0704097524FC MenuItem 20.Broadcast to set the active operation) ATTRS={Name=Broadcast to set the active operation}
[2020-04-17 20:18:33.402] ContextObject.putEntityEIDLookup() EID Already exists eid=D3BBB5E558CCD8E229997 in LibraryContext Project: "TopNavigation" Name: "TopNavigation"
 existing entity=BroadcastRule@14428b (Broadcast with message: "NAV" -> 21389D7B44239306 MenuItem 8.Broadcast to set the active operation) ATTRS={RuleDisabled=N, RuleClassType=All, OperationType=NAV, DebugLevel=0, Name=Broadcast to set the active operation, RuleClassName=com.acquire.intelligentforms.rules.BroadcastRule}
      new entity=BroadcastRule@1c653d4 (Broadcast with message: "null" -> 350F0704097524FC MenuItem 20.Broadcast to set the active operation) ATTRS={Name=Broadcast to set the active operation}
[2020-04-17 20:19:29.664] ContextObject.putEntityEIDLookup() EID Already exists eid=76DEAD4035782757322736 in LibraryContext Project: "BPAY" Name: "BPAY"
 existing entity=DictionaryRoot@1dd2a5 (Data Store -> Data Store Root) ATTRS={Name=Data Store Root}
      new entity=PropertyGroup@1b4bbaf (TWS (1) -> TWS) ATTRS={Name=TWS}
[2020-04-17 20:19:32.979] [DEBUG] Widget Dialog refers a null widget: Solution|Stand alone Date picker (jquery-ui), context: CommonMakePayment, project: CommonMakePayment, main object: 0D41A8557678E071 RichHTMLPresentationQuestion 1053
[2020-04-17 20:19:32.979] [DEBUG] Widget Dialog refers a null widget: Solution|Stand alone Date picker (jquery-ui), context: CommonMakePayment, project: CommonMakePayment, main object: 0D41A8557678E071 RichHTMLPresentationQuestion 1055
[2020-04-17 20:19:32.979] [DEBUG] Widget Dialog refers a null widget: Solution|Stand alone Date picker (jquery-ui), context: CommonMakePayment, project: CommonMakePayment, main object: 0D41A8557678E071 RichHTMLPresentationQuestion 1057
[2020-04-17 20:19:33.036] [DEBUG] Widget Dialog refers a null widget: Solution|Stand alone Date picker (jquery-ui), context: CommonMakePayment, project: CommonMakePayment, main object: 0D41A8557678E071 RichHTMLPresentationQuestion 1053
[2020-04-17 20:19:33.036] [DEBUG] Widget Dialog refers a null widget: Solution|Stand alone Date picker (jquery-ui), context: CommonMakePayment, project: CommonMakePayment, main object: 0D41A8557678E071 RichHTMLPresentationQuestion 1053
[2020-04-17 20:19:33.037] [DEBUG] Widget Dialog refers a null widget: Solution|Stand alone Date picker (jquery-ui), context: CommonMakePayment, project: CommonMakePayment, main object: 0D41A8557678E071 RichHTMLPresentationQuestion 1053
[2020-04-17 20:19:33.037] [DEBUG] Widget Dialog refers a null widget: Solution|Stand alone Date picker (jquery-ui), context: CommonMakePayment, project: CommonMakePayment, main object: 0D41A8557678E071 RichHTMLPresentationQuestion 1053
[2020-04-17 20:19:33.037] [DEBUG] Widget Dialog refers a null widget: Solution|Stand alone Date picker (jquery-ui), context: CommonMakePayment, project: CommonMakePayment, main object: 0D41A8557678E071 RichHTMLPresentationQuestion 1055
[2020-04-17 20:19:33.038] [DEBUG] Widget Dialog refers a null widget: Solution|Stand alone Date picker (jquery-ui), context: CommonMakePayment, project: CommonMakePayment, main object: 0D41A8557678E071 RichHTMLPresentationQuestion 1055
[2020-04-17 20:19:33.038] [DEBUG] Widget Dialog refers a null widget: Solution|Stand alone Date picker (jquery-ui), context: CommonMakePayment, project: CommonMakePayment, main object: 0D41A8557678E071 RichHTMLPresentationQuestion 1055
[2020-04-17 20:19:33.038] [DEBUG] Widget Dialog refers a null widget: Solution|Stand alone Date picker (jquery-ui), context: CommonMakePayment, project: CommonMakePayment, main object: 0D41A8557678E071 RichHTMLPresentationQuestion 1055
[2020-04-17 20:19:33.039] [DEBUG] Widget Dialog refers a null widget: Solution|Stand alone Date picker (jquery-ui), context: CommonMakePayment, project: CommonMakePayment, main object: 0D41A8557678E071 RichHTMLPresentationQuestion 1057
[2020-04-17 20:19:33.039] [DEBUG] Widget Dialog refers a null widget: Solution|Stand alone Date picker (jquery-ui), context: CommonMakePayment, project: CommonMakePayment, main object: 0D41A8557678E071 RichHTMLPresentationQuestion 1057
[2020-04-17 20:19:33.039] [DEBUG] Widget Dialog refers a null widget: Solution|Stand alone Date picker (jquery-ui), context: CommonMakePayment, project: CommonMakePayment, main object: 0D41A8557678E071 RichHTMLPresentationQuestion 1057
[2020-04-17 20:19:33.039] [DEBUG] Widget Dialog refers a null widget: Solution|Stand alone Date picker (jquery-ui), context: CommonMakePayment, project: CommonMakePayment, main object: 0D41A8557678E071 RichHTMLPresentationQuestion 1057
[2020-04-17 20:19:33.364] [DEBUG] Widget Dialog refers a null widget: Solution|Stand alone Date picker (jquery-ui), context: CommonMakePayment, project: CommonMakePayment, main object: 0D41A8557678E071 RichHTMLPresentationQuestion 1053
[2020-04-17 20:19:33.364] [DEBUG] Widget Dialog refers a null widget: Solution|Stand alone Date picker (jquery-ui), context: CommonMakePayment, project: CommonMakePayment, main object: 0D41A8557678E071 RichHTMLPresentationQuestion 1053
[2020-04-17 20:19:33.365] [DEBUG] Widget Dialog refers a null widget: Solution|Stand alone Date picker (jquery-ui), context: CommonMakePayment, project: CommonMakePayment, main object: 0D41A8557678E071 RichHTMLPresentationQuestion 1053
[2020-04-17 20:19:33.365] [DEBUG] Widget Dialog refers a null widget: Solution|Stand alone Date picker (jquery-ui), context: CommonMakePayment, project: CommonMakePayment, main object: 0D41A8557678E071 RichHTMLPresentationQuestion 1053
[2020-04-17 20:19:33.365] [DEBUG] Widget Dialog refers a null widget: Solution|Stand alone Date picker (jquery-ui), context: CommonMakePayment, project: CommonMakePayment, main object: 0D41A8557678E071 RichHTMLPresentationQuestion 1053
[2020-04-17 20:19:33.367] [DEBUG] Widget Dialog refers a null widget: Solution|Stand alone Date picker (jquery-ui), context: CommonMakePayment, project: CommonMakePayment, main object: 0D41A8557678E071 RichHTMLPresentationQuestion 1055
[2020-04-17 20:19:33.367] [DEBUG] Widget Dialog refers a null widget: Solution|Stand alone Date picker (jquery-ui), context: CommonMakePayment, project: CommonMakePayment, main object: 0D41A8557678E071 RichHTMLPresentationQuestion 1055
[2020-04-17 20:19:33.368] [DEBUG] Widget Dialog refers a null widget: Solution|Stand alone Date picker (jquery-ui), context: CommonMakePayment, project: CommonMakePayment, main object: 0D41A8557678E071 RichHTMLPresentationQuestion 1055
[2020-04-17 20:19:33.368] [DEBUG] Widget Dialog refers a null widget: Solution|Stand alone Date picker (jquery-ui), context: CommonMakePayment, project: CommonMakePayment, main object: 0D41A8557678E071 RichHTMLPresentationQuestion 1055
[2020-04-17 20:19:33.368] [DEBUG] Widget Dialog refers a null widget: Solution|Stand alone Date picker (jquery-ui), context: CommonMakePayment, project: CommonMakePayment, main object: 0D41A8557678E071 RichHTMLPresentationQuestion 1055
[2020-04-17 20:19:33.370] [DEBUG] Widget Dialog refers a null widget: Solution|Stand alone Date picker (jquery-ui), context: CommonMakePayment, project: CommonMakePayment, main object: 0D41A8557678E071 RichHTMLPresentationQuestion 1057
[2020-04-17 20:19:33.370] [DEBUG] Widget Dialog refers a null widget: Solution|Stand alone Date picker (jquery-ui), context: CommonMakePayment, project: CommonMakePayment, main object: 0D41A8557678E071 RichHTMLPresentationQuestion 1057
[2020-04-17 20:19:33.370] [DEBUG] Widget Dialog refers a null widget: Solution|Stand alone Date picker (jquery-ui), context: CommonMakePayment, project: CommonMakePayment, main object: 0D41A8557678E071 RichHTMLPresentationQuestion 1057
[2020-04-17 20:19:33.370] [DEBUG] Widget Dialog refers a null widget: Solution|Stand alone Date picker (jquery-ui), context: CommonMakePayment, project: CommonMakePayment, main object: 0D41A8557678E071 RichHTMLPresentationQuestion 1057
[2020-04-17 20:19:33.370] [DEBUG] Widget Dialog refers a null widget: Solution|Stand alone Date picker (jquery-ui), context: CommonMakePayment, project: CommonMakePayment, main object: 0D41A8557678E071 RichHTMLPresentationQuestion 1057
[2020-04-17 20:19:37.407] [DEBUG] Widget Dialog refers a null widget: Solution|Stand alone Date picker (jquery-ui), context: CommonMakePayment, project: CommonMakePayment, main object: 0D41A8557678E071 RichHTMLPresentationQuestion 1053
[2020-04-17 20:19:37.407] [DEBUG] Widget Dialog refers a null widget: Solution|Stand alone Date picker (jquery-ui), context: CommonMakePayment, project: CommonMakePayment, main object: 0D41A8557678E071 RichHTMLPresentationQuestion 1053
[2020-04-17 20:19:37.408] [DEBUG] Widget Dialog refers a null widget: Solution|Stand alone Date picker (jquery-ui), context: CommonMakePayment, project: CommonMakePayment, main object: 0D41A8557678E071 RichHTMLPresentationQuestion 1053
[2020-04-17 20:19:37.408] [DEBUG] Widget Dialog refers a null widget: Solution|Stand alone Date picker (jquery-ui), context: CommonMakePayment, project: CommonMakePayment, main object: 0D41A8557678E071 RichHTMLPresentationQuestion 1053
[2020-04-17 20:19:37.408] [DEBUG] Widget Dialog refers a null widget: Solution|Stand alone Date picker (jquery-ui), context: CommonMakePayment, project: CommonMakePayment, main object: 0D41A8557678E071 RichHTMLPresentationQuestion 1053
[2020-04-17 20:19:37.425] [DEBUG] Widget Dialog refers a null widget: Solution|Stand alone Date picker (jquery-ui), context: CommonMakePayment, project: CommonMakePayment, main object: 0D41A8557678E071 RichHTMLPresentationQuestion 1055
[2020-04-17 20:19:37.426] [DEBUG] Widget Dialog refers a null widget: Solution|Stand alone Date picker (jquery-ui), context: CommonMakePayment, project: CommonMakePayment, main object: 0D41A8557678E071 RichHTMLPresentationQuestion 1055
[2020-04-17 20:19:37.427] [DEBUG] Widget Dialog refers a null widget: Solution|Stand alone Date picker (jquery-ui), context: CommonMakePayment, project: CommonMakePayment, main object: 0D41A8557678E071 RichHTMLPresentationQuestion 1055
[2020-04-17 20:19:37.427] [DEBUG] Widget Dialog refers a null widget: Solution|Stand alone Date picker (jquery-ui), context: CommonMakePayment, project: CommonMakePayment, main object: 0D41A8557678E071 RichHTMLPresentationQuestion 1055
[2020-04-17 20:19:37.427] [DEBUG] Widget Dialog refers a null widget: Solution|Stand alone Date picker (jquery-ui), context: CommonMakePayment, project: CommonMakePayment, main object: 0D41A8557678E071 RichHTMLPresentationQuestion 1055
[2020-04-17 20:19:37.444] [DEBUG] Widget Dialog refers a null widget: Solution|Stand alone Date picker (jquery-ui), context: CommonMakePayment, project: CommonMakePayment, main object: 0D41A8557678E071 RichHTMLPresentationQuestion 1057
[2020-04-17 20:19:37.444] [DEBUG] Widget Dialog refers a null widget: Solution|Stand alone Date picker (jquery-ui), context: CommonMakePayment, project: CommonMakePayment, main object: 0D41A8557678E071 RichHTMLPresentationQuestion 1057
[2020-04-17 20:19:37.444] [DEBUG] Widget Dialog refers a null widget: Solution|Stand alone Date picker (jquery-ui), context: CommonMakePayment, project: CommonMakePayment, main object: 0D41A8557678E071 RichHTMLPresentationQuestion 1057
[2020-04-17 20:19:37.444] [DEBUG] Widget Dialog refers a null widget: Solution|Stand alone Date picker (jquery-ui), context: CommonMakePayment, project: CommonMakePayment, main object: 0D41A8557678E071 RichHTMLPresentationQuestion 1057
[2020-04-17 20:19:37.444] [DEBUG] Widget Dialog refers a null widget: Solution|Stand alone Date picker (jquery-ui), context: CommonMakePayment, project: CommonMakePayment, main object: 0D41A8557678E071 RichHTMLPresentationQuestion 1057
